2024-07-29 09:28:05.766 [32m INFO[m [35m9830[m [               main] [36md.l.d.MainKt                                                [m : Server wurde gestartet!
2024-07-29 09:28:05.795 [32m INFO[m [35m9830[m [               main] [36mi.k.s.e.ApplicationEngineEnvironmentReloading               [m : Autoreload is disabled because the development mode is off.
2024-07-29 09:28:06.128 [32m INFO[m [35m9830[m [               main] [36mi.k.s.e.BaseApplicationEngine$2                             [m : Application started in 0.467 seconds.
2024-07-29 09:28:06.142 [32;1mDEBUG[m [35m9830[m [               main] [36mi.n.u.i.l.InternalLoggerFactory                             [m : Using SLF4J as the default logging framework
2024-07-29 09:28:06.181 [32;1mDEBUG[m [35m9830[m [               main] [36mi.n.u.i.PlatformDependent0                                  [m : -Dio.netty.noUnsafe: false
2024-07-29 09:28:06.182 [32;1mDEBUG[m [35m9830[m [               main] [36mi.n.u.i.PlatformDependent0                                  [m : Java version: 20
2024-07-29 09:28:06.186 [32;1mDEBUG[m [35m9830[m [               main] [36mi.n.u.i.PlatformDependent0                                  [m : sun.misc.Unsafe.theUnsafe: available
2024-07-29 09:28:06.188 [32;1mDEBUG[m [35m9830[m [               main] [36mi.n.u.i.PlatformDependent0                                  [m : sun.misc.Unsafe.copyMemory: available
2024-07-29 09:28:06.189 [32;1mDEBUG[m [35m9830[m [               main] [36mi.n.u.i.PlatformDependent0                                  [m : sun.misc.Unsafe.storeFence: available
2024-07-29 09:28:06.191 [32;1mDEBUG[m [35m9830[m [               main] [36mi.n.u.i.PlatformDependent0                                  [m : java.nio.Buffer.address: available
2024-07-29 09:28:06.193 [32;1mDEBUG[m [35m9830[m [               main] [36mi.n.u.i.PlatformDependent0                                  [m : direct buffer constructor: unavailable: Reflective setAccessible(true) disabled
2024-07-29 09:28:06.195 [32;1mDEBUG[m [35m9830[m [               main] [36mi.n.u.i.PlatformDependent0                                  [m : java.nio.Bits.unaligned: available, true
2024-07-29 09:28:06.198 [32;1mDEBUG[m [35m9830[m [               main] [36mi.n.u.i.PlatformDependent0                                  [m : jdk.internal.misc.Unsafe.allocateUninitializedArray(int): unavailable: class io.netty.util.internal.PlatformDependent0$7 cannot access class jdk.internal.misc.Unsafe (in module java.base) because module java.base does not export jdk.internal.misc to unnamed module @2df9b86
2024-07-29 09:28:06.201 [32;1mDEBUG[m [35m9830[m [               main] [36mi.n.u.i.PlatformDependent0                                  [m : java.nio.DirectByteBuffer.<init>(long, {int,long}): unavailable
2024-07-29 09:28:06.202 [32;1mDEBUG[m [35m9830[m [               main] [36mi.n.u.i.PlatformDependent                                   [m : sun.misc.Unsafe: available
2024-07-29 09:28:06.203 [32;1mDEBUG[m [35m9830[m [               main] [36mi.n.u.i.PlatformDependent                                   [m : -Dio.netty.tmpdir: /tmp (java.io.tmpdir)
2024-07-29 09:28:06.205 [32;1mDEBUG[m [35m9830[m [               main] [36mi.n.u.i.PlatformDependent                                   [m : -Dio.netty.bitMode: 64 (sun.arch.data.model)
2024-07-29 09:28:06.207 [32;1mDEBUG[m [35m9830[m [               main] [36mi.n.u.i.PlatformDependent                                   [m : -Dio.netty.maxDirectMemory: -1 bytes
2024-07-29 09:28:06.209 [32;1mDEBUG[m [35m9830[m [               main] [36mi.n.u.i.PlatformDependent                                   [m : -Dio.netty.uninitializedArrayAllocationThreshold: -1
2024-07-29 09:28:06.212 [32;1mDEBUG[m [35m9830[m [               main] [36mi.n.u.i.CleanerJava9                                        [m : java.nio.ByteBuffer.cleaner(): available
2024-07-29 09:28:06.213 [32;1mDEBUG[m [35m9830[m [               main] [36mi.n.u.i.PlatformDependent                                   [m : -Dio.netty.noPreferDirect: false
2024-07-29 09:28:06.229 [32;1mDEBUG[m [35m9830[m [               main] [36mi.n.u.i.NativeLibraryLoader                                 [m : -Dio.netty.native.workdir: /tmp (io.netty.tmpdir)
2024-07-29 09:28:06.230 [32;1mDEBUG[m [35m9830[m [               main] [36mi.n.u.i.NativeLibraryLoader                                 [m : -Dio.netty.native.deleteLibAfterLoading: true
2024-07-29 09:28:06.231 [32;1mDEBUG[m [35m9830[m [               main] [36mi.n.u.i.NativeLibraryLoader                                 [m : -Dio.netty.native.tryPatchShadedId: true
2024-07-29 09:28:06.232 [32;1mDEBUG[m [35m9830[m [               main] [36mi.n.u.i.NativeLibraryLoader                                 [m : -Dio.netty.native.detectNativeLibraryDuplicates: true
2024-07-29 09:28:06.247 [32;1mDEBUG[m [35m9830[m [               main] [36mi.n.c.MultithreadEventLoopGroup                             [m : -Dio.netty.eventLoopThreads: 8
2024-07-29 09:28:06.260 [32;1mDEBUG[m [35m9830[m [               main] [36mi.n.u.c.GlobalEventExecutor                                 [m : -Dio.netty.globalEventExecutor.quietPeriodSeconds: 1
2024-07-29 09:28:06.266 [32;1mDEBUG[m [35m9830[m [               main] [36mi.n.u.i.InternalThreadLocalMap                              [m : -Dio.netty.threadLocalMap.stringBuilder.initialSize: 1024
2024-07-29 09:28:06.267 [32;1mDEBUG[m [35m9830[m [               main] [36mi.n.u.i.InternalThreadLocalMap                              [m : -Dio.netty.threadLocalMap.stringBuilder.maxSize: 4096
2024-07-29 09:28:06.275 [32;1mDEBUG[m [35m9830[m [               main] [36mi.n.c.n.NioEventLoop                                        [m : -Dio.netty.noKeySetOptimization: false
2024-07-29 09:28:06.277 [32;1mDEBUG[m [35m9830[m [               main] [36mi.n.c.n.NioEventLoop                                        [m : -Dio.netty.selectorAutoRebuildThreshold: 512
2024-07-29 09:28:06.286 [32;1mDEBUG[m [35m9830[m [               main] [36mi.n.u.i.PlatformDependent$Mpsc                              [m : org.jctools-core.MpscChunkedArrayQueue: available
2024-07-29 09:28:06.315 [32;1mDEBUG[m [35m9830[m [               main] [36mi.n.c.DefaultChannelId                                      [m : -Dio.netty.processId: 9830 (auto-detected)
2024-07-29 09:28:06.322 [32;1mDEBUG[m [35m9830[m [               main] [36mi.n.u.NetUtil                                               [m : -Djava.net.preferIPv4Stack: false
2024-07-29 09:28:06.323 [32;1mDEBUG[m [35m9830[m [               main] [36mi.n.u.NetUtil                                               [m : -Djava.net.preferIPv6Addresses: false
2024-07-29 09:28:06.327 [32;1mDEBUG[m [35m9830[m [               main] [36mi.n.u.NetUtilInitializations                                [m : Loopback interface: lo (lo, 0:0:0:0:0:0:0:1%lo)
2024-07-29 09:28:06.329 [32;1mDEBUG[m [35m9830[m [               main] [36mi.n.u.NetUtil$SoMaxConnAction                               [m : /proc/sys/net/core/somaxconn: 4096
2024-07-29 09:28:06.332 [32;1mDEBUG[m [35m9830[m [               main] [36mi.n.c.DefaultChannelId                                      [m : -Dio.netty.machineId: d4:81:d7:ff:fe:80:73:85 (auto-detected)
2024-07-29 09:28:06.348 [32;1mDEBUG[m [35m9830[m [               main] [36mi.n.u.ResourceLeakDetector                                  [m : -Dio.netty.leakDetection.level: simple
2024-07-29 09:28:06.349 [32;1mDEBUG[m [35m9830[m [               main] [36mi.n.u.ResourceLeakDetector                                  [m : -Dio.netty.leakDetection.targetRecords: 4
2024-07-29 09:28:06.393 [32;1mDEBUG[m [35m9830[m [               main] [36mi.n.b.PooledByteBufAllocator                                [m : -Dio.netty.allocator.numHeapArenas: 8
2024-07-29 09:28:06.395 [32;1mDEBUG[m [35m9830[m [               main] [36mi.n.b.PooledByteBufAllocator                                [m : -Dio.netty.allocator.numDirectArenas: 8
2024-07-29 09:28:06.398 [32;1mDEBUG[m [35m9830[m [               main] [36mi.n.b.PooledByteBufAllocator                                [m : -Dio.netty.allocator.pageSize: 8192
2024-07-29 09:28:06.400 [32;1mDEBUG[m [35m9830[m [               main] [36mi.n.b.PooledByteBufAllocator                                [m : -Dio.netty.allocator.maxOrder: 9
2024-07-29 09:28:06.401 [32;1mDEBUG[m [35m9830[m [               main] [36mi.n.b.PooledByteBufAllocator                                [m : -Dio.netty.allocator.chunkSize: 4194304
2024-07-29 09:28:06.403 [32;1mDEBUG[m [35m9830[m [               main] [36mi.n.b.PooledByteBufAllocator                                [m : -Dio.netty.allocator.smallCacheSize: 256
2024-07-29 09:28:06.404 [32;1mDEBUG[m [35m9830[m [               main] [36mi.n.b.PooledByteBufAllocator                                [m : -Dio.netty.allocator.normalCacheSize: 64
2024-07-29 09:28:06.405 [32;1mDEBUG[m [35m9830[m [               main] [36mi.n.b.PooledByteBufAllocator                                [m : -Dio.netty.allocator.maxCachedBufferCapacity: 32768
2024-07-29 09:28:06.406 [32;1mDEBUG[m [35m9830[m [               main] [36mi.n.b.PooledByteBufAllocator                                [m : -Dio.netty.allocator.cacheTrimInterval: 8192
2024-07-29 09:28:06.407 [32;1mDEBUG[m [35m9830[m [               main] [36mi.n.b.PooledByteBufAllocator                                [m : -Dio.netty.allocator.cacheTrimIntervalMillis: 0
2024-07-29 09:28:06.408 [32;1mDEBUG[m [35m9830[m [               main] [36mi.n.b.PooledByteBufAllocator                                [m : -Dio.netty.allocator.useCacheForAllThreads: false
2024-07-29 09:28:06.410 [32;1mDEBUG[m [35m9830[m [               main] [36mi.n.b.PooledByteBufAllocator                                [m : -Dio.netty.allocator.maxCachedByteBuffersPerChunk: 1023
2024-07-29 09:28:06.425 [32;1mDEBUG[m [35m9830[m [               main] [36mi.n.b.ByteBufUtil                                           [m : -Dio.netty.allocator.type: pooled
2024-07-29 09:28:06.427 [32;1mDEBUG[m [35m9830[m [               main] [36mi.n.b.ByteBufUtil                                           [m : -Dio.netty.threadLocalDirectBufferSize: 0
2024-07-29 09:28:06.428 [32;1mDEBUG[m [35m9830[m [               main] [36mi.n.b.ByteBufUtil                                           [m : -Dio.netty.maxThreadLocalCharBufferSize: 16384
2024-07-29 09:28:06.431 [32;1mDEBUG[m [35m9830[m [               main] [36mi.n.b.ChannelInitializerExtensions                          [m : -Dio.netty.bootstrap.extensions: null
2024-07-29 09:28:06.496 [32m INFO[m [35m9830[m [Dispatcher-worker-2] [36mi.k.s.e.BaseApplicationEngine$3                             [m : Responding at http://0.0.0.0:8090
